<?xml version="1.0" encoding="UTF-8"?>
<!-- Generated by org.testng.reporters.JUnitXMLReporter -->
<testsuite ignored="0" hostname="-ROG-" failures="0" tests="4" name="Default test" time="0.082" errors="0" timestamp="2023-05-10T09:33:59 IST">
  <testcase classname="test.TestBus" name="testGetBusType" time="0.018"/>
  <testcase classname="test.TestBus" name="testGetNoOfPersonMethod" time="0.001"/>
  <testcase classname="test.TestBus" name="testGetRateMethod" time="0.001"/>
  <testcase classname="test.TestBus" name="testSetDate" time="0.001"/>
</testsuite> <!-- Default test -->
