<?xml version="1.0" encoding="UTF-8"?>
<testng-results ignored="0" total="1" passed="1" failed="0" skipped="0">
  <reporter-output>
  </reporter-output>
  <suite started-at="2023-02-23T11:02:10 IST" name="Default suite" finished-at="2023-02-23T11:02:21 IST" duration-ms="10302">
    <groups>
    </groups>
    <test started-at="2023-02-23T11:02:10 IST" name="Default test" finished-at="2023-02-23T11:02:21 IST" duration-ms="10302">
      <class name="testNG_assignnments.Assignment_03">
        <test-method is-config="true" signature="invokeBrowser()[pri:0, instance:testNG_assignnments.Assignment_03@741a8937]" started-at="2023-02-23T11:02:10 IST" name="invokeBrowser" finished-at="2023-02-23T11:02:20 IST" duration-ms="9784" status="PASS">
          <reporter-output>
          </reporter-output>
        </test-method> <!-- invokeBrowser -->
        <test-method signature="getLinkCount()[pri:0, instance:testNG_assignnments.Assignment_03@741a8937]" started-at="2023-02-23T11:02:20 IST" name="getLinkCount" finished-at="2023-02-23T11:02:20 IST" duration-ms="75" status="PASS">
          <reporter-output>
          </reporter-output>
        </test-method> <!-- getLinkCount -->
        <test-method is-config="true" signature="afterTest()[pri:0, instance:testNG_assignnments.Assignment_03@741a8937]" started-at="2023-02-23T11:02:20 IST" name="afterTest" finished-at="2023-02-23T11:02:21 IST" duration-ms="396" status="PASS">
          <reporter-output>
          </reporter-output>
        </test-method> <!-- afterTest -->
      </class> <!-- testNG_assignnments.Assignment_03 -->
    </test> <!-- Default test -->
  </suite> <!-- Default suite -->
</testng-results>
