<?xml version="1.0" encoding="UTF-8"?>
<!-- Generated by org.testng.reporters.JUnitXMLReporter -->
<testsuite ignored="0" hostname="-ROG-" failures="0" tests="4" name="All" time="0.075" errors="0" timestamp="2023-05-10T21:02:47 IST">
  <testcase classname="test.TestAccountDetails" name="testSetInputsMethod" time="0.014"/>
  <testcase classname="test.TestAmountDetails" name="testAccountBalanceMethod" time="0.001"/>
  <testcase classname="test.TestAmountDetails" name="testDepositAmountMethod" time="0.001"/>
  <testcase classname="test.TestAmountDetails" name="testWithdrawAmountMethod" time="0.001"/>
</testsuite> <!-- All -->
